<?xml version="1.0" encoding="UTF-8"?>
<testsuite xmlns:xsi="http://www.w3.org/2001/XMLSchema-instance" xsi:noNamespaceSchemaLocation="https://maven.apache.org/surefire/maven-surefire-plugin/xsd/surefire-test-report-3.0.xsd" version="3.0" name="com.iu.rokala.primesservice.PrimesServiceApplicationTests" time="3.847" tests="1" errors="0" skipped="0" failures="0">
  <properties>
[...]
</properties>
  <testcase name="contextLoads" classname="com.iu.rokala.primesservice.PrimesServiceApplicationTests" time="1.237">
    <system-out><![CDATA[15:34:13.532 [main] INFO org.springframework.test.context.support.AnnotationConfigContextLoaderUtils -- Could not detect default configuration classes for test class [com.iu.rokala.primesservice.PrimesServiceApplicationTests]: PrimesServiceApplicationTests does not declare any static, non-private, non-final, nested classes annotated with @Configuration.
15:34:13.648 [main] INFO org.springframework.boot.test.context.SpringBootTestContextBootstrapper -- Found @SpringBootConfiguration com.iu.rokala.primesservice.PrimesServiceApplication for test class com.iu.rokala.primesservice.PrimesServiceApplicationTests

  .   ____          _            __ _ _
 /\\ / ___'_ __ _ _(_)_ __  __ _ \ \ \ \
( ( )\___ | '_ | '_| | '_ \/ _` | \ \ \ \
 \\/  ___)| |_)| | | | | || (_| |  ) ) ) )
  '  |____| .__|_| |_|_| |_\__, | / / / /
 =========|_|==============|___/=/_/_/_/
 :: Spring Boot ::                (v3.2.2)

2024-02-22T15:34:14.218-05:00  INFO 14912 --- [           main] c.i.r.p.PrimesServiceApplicationTests    : Starting PrimesServiceApplicationTests using Java 17.0.3 with PID 14912 (started by HOME in E:\IU2025\SPRING2024\SE\P6\primes-service)
2024-02-22T15:34:14.220-05:00  INFO 14912 --- [           main] c.i.r.p.PrimesServiceApplicationTests    : No active profile set, falling back to 1 default profile: "default"
2024-02-22T15:34:15.896-05:00  INFO 14912 --- [           main] c.i.r.p.PrimesServiceApplicationTests    : Started PrimesServiceApplicationTests in 2.042 seconds (process running for 3.358)
]]></system-out>
  </testcase>
</testsuite>